This file contains any messages produced by compilers while
running configure, to aid debugging if configure makes a mistake.

It was created by SISCone configure 3.0.3, which was
generated by GNU Autoconf 2.69.  Invocation command line was

  $ ./configure --disable-option-checking --prefix=/afs/cern.ch/work/t/tkar/testarea/fastjet/fastjet-3.3.1/../fastjet-install --cache-file=/dev/null --srcdir=.

## --------- ##
## Platform. ##
## --------- ##

hostname = lxplus046.cern.ch
uname -m = x86_64
uname -r = 2.6.32-754.3.5.el6.x86_64
uname -s = Linux
uname -v = #1 SMP Wed Aug 15 08:57:36 CEST 2018

/usr/bin/uname -p = unknown
/bin/uname -X     = unknown

/bin/arch              = x86_64
/usr/bin/arch -k       = unknown
/usr/convex/getsysinfo = unknown
/usr/bin/hostinfo      = unknown
/bin/machine           = unknown
/usr/bin/oslevel       = unknown
/bin/universe          = unknown

PATH: /afs/cern.ch/work/t/tkar/testarea/20.20.10.1/InstallArea/share/bin
PATH: /afs/cern.ch/work/t/tkar/testarea/20.20.10.1/InstallArea/x86_64-slc6-gcc49-opt/bin
PATH: /cvmfs/atlas.cern.ch/repo/tools/slc6/cmt/InstallArea/share/bin
PATH: /cvmfs/atlas.cern.ch/repo/sw/software/x86_64-slc6-gcc49-opt/20.20.10/AtlasProduction/20.20.10.1/InstallArea/share/bin
PATH: /cvmfs/atlas.cern.ch/repo/sw/software/x86_64-slc6-gcc49-opt/20.20.10/AtlasOffline/20.20.10/InstallArea/share/bin
PATH: /cvmfs/atlas.cern.ch/repo/sw/software/x86_64-slc6-gcc49-opt/20.20.10/AtlasAnalysis/20.20.10/InstallArea/share/bin
PATH: /cvmfs/atlas.cern.ch/repo/sw/software/x86_64-slc6-gcc49-opt/20.20.10/AtlasSimulation/20.20.10/InstallArea/share/bin
PATH: /cvmfs/atlas.cern.ch/repo/sw/software/x86_64-slc6-gcc49-opt/20.20.10/AtlasTrigger/20.20.10/InstallArea/share/bin
PATH: /cvmfs/atlas.cern.ch/repo/sw/software/x86_64-slc6-gcc49-opt/20.20.10/AtlasReconstruction/20.20.10/InstallArea/share/bin
PATH: /cvmfs/atlas.cern.ch/repo/sw/software/x86_64-slc6-gcc49-opt/20.20.10/AtlasEvent/20.20.10/InstallArea/share/bin
PATH: /cvmfs/atlas.cern.ch/repo/sw/software/x86_64-slc6-gcc49-opt/20.20.10/AtlasConditions/20.20.10/InstallArea/share/bin
PATH: /cvmfs/atlas.cern.ch/repo/sw/software/x86_64-slc6-gcc49-opt/20.20.10/AtlasCore/20.20.10/InstallArea/share/bin
PATH: /cvmfs/atlas.cern.ch/repo/sw/software/x86_64-slc6-gcc49-opt/20.20.10/DetCommon/20.20.10/InstallArea/share/bin
PATH: /cvmfs/atlas.cern.ch/repo/sw/software/x86_64-slc6-gcc49-opt/20.20.10/GAUDI/v26r2p3-lcg81f/InstallArea/scripts
PATH: /cvmfs/atlas.cern.ch/repo/sw/software/x86_64-slc6-gcc49-opt/20.20.10/AtlasAnalysis/20.20.10/InstallArea/x86_64-slc6-gcc49-opt/bin
PATH: /cvmfs/atlas.cern.ch/repo/sw/software/x86_64-slc6-gcc49-opt/20.20.10/AtlasSimulation/20.20.10/InstallArea/x86_64-slc6-gcc49-opt/bin
PATH: /cvmfs/atlas.cern.ch/repo/sw/software/x86_64-slc6-gcc49-opt/20.20.10/AtlasTrigger/20.20.10/InstallArea/x86_64-slc6-gcc49-opt/bin
PATH: /cvmfs/atlas.cern.ch/repo/sw/software/x86_64-slc6-gcc49-opt/20.20.10/AtlasReconstruction/20.20.10/InstallArea/x86_64-slc6-gcc49-opt/bin
PATH: /cvmfs/atlas.cern.ch/repo/sw/software/x86_64-slc6-gcc49-opt/20.20.10/AtlasEvent/20.20.10/InstallArea/x86_64-slc6-gcc49-opt/bin
PATH: /cvmfs/atlas.cern.ch/repo/sw/software/x86_64-slc6-gcc49-opt/20.20.10/AtlasConditions/20.20.10/InstallArea/x86_64-slc6-gcc49-opt/bin
PATH: /cvmfs/atlas.cern.ch/repo/sw/software/x86_64-slc6-gcc49-opt/20.20.10/AtlasCore/20.20.10/InstallArea/x86_64-slc6-gcc49-opt/bin
PATH: /cvmfs/atlas.cern.ch/repo/sw/software/x86_64-slc6-gcc49-opt/20.20.10/DetCommon/20.20.10/InstallArea/x86_64-slc6-gcc49-opt/bin
PATH: /cvmfs/atlas.cern.ch/repo/sw/software/x86_64-slc6-gcc49-opt/20.20.10/GAUDI/v26r2p3-lcg81f/InstallArea/x86_64-slc6-gcc49-opt/bin
PATH: /cvmfs/atlas.cern.ch/repo/sw/software/x86_64-slc6-gcc49-opt/20.20.10/LCGCMT/LCGCMT_81f/InstallArea/x86_64-slc6-gcc49-opt/bin
PATH: /cvmfs/atlas.cern.ch/repo/sw/software/x86_64-slc6-gcc49-opt/20.20.10/sw/lcg/releases/LCG_81f/MCGenerators/rivet/2.5.3/x86_64-slc6-gcc49-opt/bin
PATH: /cvmfs/atlas.cern.ch/repo/sw/software/x86_64-slc6-gcc49-opt/20.20.10/sw/lcg/releases/LCG_81f/MCGenerators/yoda/1.6.6/x86_64-slc6-gcc49-opt/bin
PATH: /cvmfs/atlas.cern.ch/repo/sw/software/x86_64-slc6-gcc49-opt/20.20.10/sw/lcg/releases/LCG_81f/MCGenerators/lhapdf/6.1.5/x86_64-slc6-gcc49-opt/bin
PATH: /cvmfs/atlas.cern.ch/repo/sw/software/x86_64-slc6-gcc49-opt/20.20.10/sw/lcg/releases/LCG_81f/qt/4.8.4/x86_64-slc6-gcc49-opt/bin
PATH: /cvmfs/atlas.cern.ch/repo/sw/software/x86_64-slc6-gcc49-opt/20.20.10/sw/lcg/releases/LCG_81f/pygraphics/1.5_python2.7/x86_64-slc6-gcc49-opt/bin
PATH: /cvmfs/atlas.cern.ch/repo/sw/software/x86_64-slc6-gcc49-opt/20.20.10/sw/lcg/releases/LCG_81f/pyanalysis/1.5_python2.7/x86_64-slc6-gcc49-opt/bin
PATH: /cvmfs/atlas.cern.ch/repo/sw/software/x86_64-slc6-gcc49-opt/20.20.10/sw/lcg/releases/LCG_81f/valgrind/3.11.0/x86_64-slc6-gcc49-opt/bin
PATH: /cvmfs/atlas.cern.ch/repo/sw/software/x86_64-slc6-gcc49-opt/20.20.10/sw/lcg/releases/LCG_81f/sqlite/3070900/x86_64-slc6-gcc49-opt/bin
PATH: /cvmfs/atlas.cern.ch/repo/sw/software/x86_64-slc6-gcc49-opt/20.20.10/sw/lcg/external/Java/Ant/1.7.0/share/bin
PATH: /cvmfs/atlas.cern.ch/repo/sw/software/x86_64-slc6-gcc49-opt/20.20.10/sw/lcg/releases/LCG_81f/pytools/1.9_python2.7/x86_64-slc6-gcc49-opt/bin
PATH: /cvmfs/atlas.cern.ch/repo/sw/software/x86_64-slc6-gcc49-opt/20.20.10/sw/lcg/releases/LCG_81f/oracle/11.2.0.3.0/x86_64-slc6-gcc49-opt/bin
PATH: /cvmfs/atlas.cern.ch/repo/sw/software/x86_64-slc6-gcc49-opt/20.20.10/sw/lcg/releases/LCG_81f/COOL/3_1_0/x86_64-slc6-gcc49-opt/bin
PATH: /cvmfs/atlas.cern.ch/repo/sw/software/x86_64-slc6-gcc49-opt/20.20.10/sw/lcg/releases/LCG_81f/ROOT/6.04.18/x86_64-slc6-gcc49-opt/bin
PATH: /cvmfs/atlas.cern.ch/repo/sw/software/x86_64-slc6-gcc49-opt/20.20.10/sw/lcg/releases/LCG_81f/xrootd/4.2.3/x86_64-slc6-gcc49-opt/bin
PATH: /cvmfs/atlas.cern.ch/repo/sw/software/x86_64-slc6-gcc49-opt/20.20.10/sw/lcg/releases/LCG_81f/gccxml/0.9.0_20131026/x86_64-slc6-gcc49-opt/bin
PATH: /cvmfs/atlas.cern.ch/repo/sw/software/x86_64-slc6-gcc49-opt/20.20.10/sw/lcg/releases/LCG_81f/Python/2.7.9.p1/x86_64-slc6-gcc49-opt/bin
PATH: /cvmfs/atlas.cern.ch/repo/sw/software/x86_64-slc6-gcc49-opt/20.20.10/AtlasSite/gcc-links/x86_64-slc6-gcc49-opt/bin
PATH: /afs/cern.ch/atlas/scripts
PATH: /cvmfs/atlas.cern.ch/repo/sw/software/x86_64-slc6-gcc49-opt/20.20.10/tdaq-common/tdaq-common-01-46-00/installed/x86_64-slc6-gcc49-opt/bin
PATH: /cvmfs/atlas.cern.ch/repo/sw/software/x86_64-slc6-gcc49-opt/20.20.10/CMT/v1r25p20160527/Linux-x86_64
PATH: /cvmfs/atlas.cern.ch/repo/sw/software/x86_64-slc6-gcc49-opt/20.20.10/sw/lcg/external/Java/JDK/1.6.0/amd64/jre/bin
PATH: /cvmfs/atlas.cern.ch/repo/sw/software/x86_64-slc6-gcc49-opt/20.20.10/sw/lcg/external/Java/JDK/1.6.0/amd64/bin
PATH: /cvmfs/atlas.cern.ch/repo/sw/software/x86_64-slc6-gcc49-opt/20.20.10/dqm-common/dqm-common-00-55-00/installed/x86_64-slc6-gcc49-opt/bin
PATH: /usr/sue/bin
PATH: /usr/kerberos/bin
PATH: /usr/local/bin
PATH: /bin
PATH: /usr/bin
PATH: /usr/local/sbin
PATH: /usr/sbin
PATH: /sbin
PATH: /opt/puppetlabs/bin


## ----------- ##
## Core tests. ##
## ----------- ##

configure:2357: checking for a BSD-compatible install
configure:2425: result: /usr/bin/install -c
configure:2436: checking whether build environment is sane
configure:2491: result: yes
configure:2642: checking for a thread-safe mkdir -p
configure:2681: result: /bin/mkdir -p
configure:2688: checking for gawk
configure:2704: found /bin/gawk
configure:2715: result: gawk
configure:2726: checking whether make sets $(MAKE)
configure:2748: result: yes
configure:2777: checking whether make supports nested variables
configure:2794: result: yes
configure:2933: checking whether make supports the include directive
configure:2948: make -f confmf.GNU && cat confinc.out
this is the am__doit target
configure:2951: $? = 0
configure:2970: result: yes (GNU style)
configure:3040: checking for gcc
configure:3056: found /cvmfs/atlas.cern.ch/repo/sw/software/x86_64-slc6-gcc49-opt/20.20.10/AtlasSite/gcc-links/x86_64-slc6-gcc49-opt/bin/gcc
configure:3067: result: gcc
configure:3296: checking for C compiler version
configure:3305: gcc --version >&5
gcc (GCC) 4.9.3
Copyright (C) 2015 Free Software Foundation, Inc.
This is free software; see the source for copying conditions.  There is NO
warranty; not even for MERCHANTABILITY or FITNESS FOR A PARTICULAR PURPOSE.

configure:3316: $? = 0
configure:3305: gcc -v >&5
Using built-in specs.
COLLECT_GCC=gcc
COLLECT_LTO_WRAPPER=/cvmfs/atlas.cern.ch/repo/sw/atlas-gcc/493/x86_64/slc6/x86_64-slc6-gcc49-opt/bin/../libexec/gcc/x86_64-unknown-linux-gnu/4.9.3/lto-wrapper
Target: x86_64-unknown-linux-gnu
Configured with: ../gcc-4.9.3/configure --prefix=/build/pmendez-sftnight/install-493/ --with-system-zlib --disable-multilib --enable-languages=all
Thread model: posix
gcc version 4.9.3 (GCC) 
configure:3316: $? = 0
configure:3305: gcc -V >&5
gcc: error: unrecognized command line option '-V'
gcc: fatal error: no input files
compilation terminated.
configure:3316: $? = 1
configure:3305: gcc -qversion >&5
gcc: error: unrecognized command line option '-qversion'
gcc: fatal error: no input files
compilation terminated.
configure:3316: $? = 1
configure:3336: checking whether the C compiler works
configure:3358: gcc    conftest.c  >&5
configure:3362: $? = 0
configure:3410: result: yes
configure:3413: checking for C compiler default output file name
configure:3415: result: a.out
configure:3421: checking for suffix of executables
configure:3428: gcc -o conftest    conftest.c  >&5
configure:3432: $? = 0
configure:3454: result: 
configure:3476: checking whether we are cross compiling
configure:3484: gcc -o conftest    conftest.c  >&5
configure:3488: $? = 0
configure:3495: ./conftest
configure:3499: $? = 0
configure:3514: result: no
configure:3519: checking for suffix of object files
configure:3541: gcc -c   conftest.c >&5
configure:3545: $? = 0
configure:3566: result: o
configure:3570: checking whether we are using the GNU C compiler
configure:3589: gcc -c   conftest.c >&5
configure:3589: $? = 0
configure:3598: result: yes
configure:3607: checking whether gcc accepts -g
configure:3627: gcc -c -g  conftest.c >&5
configure:3627: $? = 0
configure:3668: result: yes
configure:3685: checking for gcc option to accept ISO C89
configure:3748: gcc  -c -g -O2  conftest.c >&5
configure:3748: $? = 0
configure:3761: result: none needed
configure:3786: checking whether gcc understands -c and -o together
configure:3808: gcc -c conftest.c -o conftest2.o
configure:3811: $? = 0
configure:3808: gcc -c conftest.c -o conftest2.o
configure:3811: $? = 0
configure:3823: result: yes
configure:3842: checking dependency style of gcc
configure:3953: result: gcc3
configure:3974: checking how to run the C preprocessor
configure:4005: gcc -E  conftest.c
configure:4005: $? = 0
configure:4019: gcc -E  conftest.c
conftest.c:11:28: fatal error: ac_nonexistent.h: No such file or directory
 #include <ac_nonexistent.h>
                            ^
compilation terminated.
configure:4019: $? = 1
configure: failed program was:
| /* confdefs.h */
| #define PACKAGE_NAME "SISCone"
| #define PACKAGE_TARNAME "siscone"
| #define PACKAGE_VERSION "3.0.3"
| #define PACKAGE_STRING "SISCone 3.0.3"
| #define PACKAGE_BUGREPORT ""
| #define PACKAGE_URL ""
| #define PACKAGE "siscone"
| #define VERSION "3.0.3"
| /* end confdefs.h.  */
| #include <ac_nonexistent.h>
configure:4044: result: gcc -E
configure:4064: gcc -E  conftest.c
configure:4064: $? = 0
configure:4078: gcc -E  conftest.c
conftest.c:11:28: fatal error: ac_nonexistent.h: No such file or directory
 #include <ac_nonexistent.h>
                            ^
compilation terminated.
configure:4078: $? = 1
configure: failed program was:
| /* confdefs.h */
| #define PACKAGE_NAME "SISCone"
| #define PACKAGE_TARNAME "siscone"
| #define PACKAGE_VERSION "3.0.3"
| #define PACKAGE_STRING "SISCone 3.0.3"
| #define PACKAGE_BUGREPORT ""
| #define PACKAGE_URL ""
| #define PACKAGE "siscone"
| #define VERSION "3.0.3"
| /* end confdefs.h.  */
| #include <ac_nonexistent.h>
configure:4107: checking for grep that handles long lines and -e
configure:4165: result: /bin/grep
configure:4170: checking for egrep
configure:4232: result: /bin/grep -E
configure:4237: checking for ANSI C header files
configure:4257: gcc -c -g -O2  conftest.c >&5
configure:4257: $? = 0
configure:4330: gcc -o conftest -g -O2   conftest.c  >&5
configure:4330: $? = 0
configure:4330: ./conftest
configure:4330: $? = 0
configure:4341: result: yes
configure:4354: checking for sys/types.h
configure:4354: gcc -c -g -O2  conftest.c >&5
configure:4354: $? = 0
configure:4354: result: yes
configure:4354: checking for sys/stat.h
configure:4354: gcc -c -g -O2  conftest.c >&5
configure:4354: $? = 0
configure:4354: result: yes
configure:4354: checking for stdlib.h
configure:4354: gcc -c -g -O2  conftest.c >&5
configure:4354: $? = 0
configure:4354: result: yes
configure:4354: checking for string.h
configure:4354: gcc -c -g -O2  conftest.c >&5
configure:4354: $? = 0
configure:4354: result: yes
configure:4354: checking for memory.h
configure:4354: gcc -c -g -O2  conftest.c >&5
configure:4354: $? = 0
configure:4354: result: yes
configure:4354: checking for strings.h
configure:4354: gcc -c -g -O2  conftest.c >&5
configure:4354: $? = 0
configure:4354: result: yes
configure:4354: checking for inttypes.h
configure:4354: gcc -c -g -O2  conftest.c >&5
configure:4354: $? = 0
configure:4354: result: yes
configure:4354: checking for stdint.h
configure:4354: gcc -c -g -O2  conftest.c >&5
configure:4354: $? = 0
configure:4354: result: yes
configure:4354: checking for unistd.h
configure:4354: gcc -c -g -O2  conftest.c >&5
configure:4354: $? = 0
configure:4354: result: yes
configure:4366: checking for int
configure:4366: gcc -c -g -O2  conftest.c >&5
configure:4366: $? = 0
configure:4366: gcc -c -g -O2  conftest.c >&5
conftest.c: In function 'main':
conftest.c:57:18: error: expected expression before ')' token
 if (sizeof ((int)))
                  ^
configure:4366: $? = 1
configure: failed program was:
| /* confdefs.h */
| #define PACKAGE_NAME "SISCone"
| #define PACKAGE_TARNAME "siscone"
| #define PACKAGE_VERSION "3.0.3"
| #define PACKAGE_STRING "SISCone 3.0.3"
| #define PACKAGE_BUGREPORT ""
| #define PACKAGE_URL ""
| #define PACKAGE "siscone"
| #define VERSION "3.0.3"
| #define STDC_HEADERS 1
| #define HAVE_SYS_TYPES_H 1
| #define HAVE_SYS_STAT_H 1
| #define HAVE_STDLIB_H 1
| #define HAVE_STRING_H 1
| #define HAVE_MEMORY_H 1
| #define HAVE_STRINGS_H 1
| #define HAVE_INTTYPES_H 1
| #define HAVE_STDINT_H 1
| #define HAVE_UNISTD_H 1
| /* end confdefs.h.  */
| #include <stdio.h>
| #ifdef HAVE_SYS_TYPES_H
| # include <sys/types.h>
| #endif
| #ifdef HAVE_SYS_STAT_H
| # include <sys/stat.h>
| #endif
| #ifdef STDC_HEADERS
| # include <stdlib.h>
| # include <stddef.h>
| #else
| # ifdef HAVE_STDLIB_H
| #  include <stdlib.h>
| # endif
| #endif
| #ifdef HAVE_STRING_H
| # if !defined STDC_HEADERS && defined HAVE_MEMORY_H
| #  include <memory.h>
| # endif
| # include <string.h>
| #endif
| #ifdef HAVE_STRINGS_H
| # include <strings.h>
| #endif
| #ifdef HAVE_INTTYPES_H
| # include <inttypes.h>
| #endif
| #ifdef HAVE_STDINT_H
| # include <stdint.h>
| #endif
| #ifdef HAVE_UNISTD_H
| # include <unistd.h>
| #endif
| int
| main ()
| {
| if (sizeof ((int)))
| 	    return 0;
|   ;
|   return 0;
| }
configure:4366: result: yes
configure:4371: checking for long
configure:4371: gcc -c -g -O2  conftest.c >&5
configure:4371: $? = 0
configure:4371: gcc -c -g -O2  conftest.c >&5
conftest.c: In function 'main':
conftest.c:57:19: error: expected expression before ')' token
 if (sizeof ((long)))
                   ^
configure:4371: $? = 1
configure: failed program was:
| /* confdefs.h */
| #define PACKAGE_NAME "SISCone"
| #define PACKAGE_TARNAME "siscone"
| #define PACKAGE_VERSION "3.0.3"
| #define PACKAGE_STRING "SISCone 3.0.3"
| #define PACKAGE_BUGREPORT ""
| #define PACKAGE_URL ""
| #define PACKAGE "siscone"
| #define VERSION "3.0.3"
| #define STDC_HEADERS 1
| #define HAVE_SYS_TYPES_H 1
| #define HAVE_SYS_STAT_H 1
| #define HAVE_STDLIB_H 1
| #define HAVE_STRING_H 1
| #define HAVE_MEMORY_H 1
| #define HAVE_STRINGS_H 1
| #define HAVE_INTTYPES_H 1
| #define HAVE_STDINT_H 1
| #define HAVE_UNISTD_H 1
| /* end confdefs.h.  */
| #include <stdio.h>
| #ifdef HAVE_SYS_TYPES_H
| # include <sys/types.h>
| #endif
| #ifdef HAVE_SYS_STAT_H
| # include <sys/stat.h>
| #endif
| #ifdef STDC_HEADERS
| # include <stdlib.h>
| # include <stddef.h>
| #else
| # ifdef HAVE_STDLIB_H
| #  include <stdlib.h>
| # endif
| #endif
| #ifdef HAVE_STRING_H
| # if !defined STDC_HEADERS && defined HAVE_MEMORY_H
| #  include <memory.h>
| # endif
| # include <string.h>
| #endif
| #ifdef HAVE_STRINGS_H
| # include <strings.h>
| #endif
| #ifdef HAVE_INTTYPES_H
| # include <inttypes.h>
| #endif
| #ifdef HAVE_STDINT_H
| # include <stdint.h>
| #endif
| #ifdef HAVE_UNISTD_H
| # include <unistd.h>
| #endif
| int
| main ()
| {
| if (sizeof ((long)))
| 	    return 0;
|   ;
|   return 0;
| }
configure:4371: result: yes
configure:4437: checking for g++
configure:4453: found /cvmfs/atlas.cern.ch/repo/sw/software/x86_64-slc6-gcc49-opt/20.20.10/AtlasSite/gcc-links/x86_64-slc6-gcc49-opt/bin/g++
configure:4464: result: g++
configure:4491: checking for C++ compiler version
configure:4500: g++ --version >&5
g++ (GCC) 4.9.3
Copyright (C) 2015 Free Software Foundation, Inc.
This is free software; see the source for copying conditions.  There is NO
warranty; not even for MERCHANTABILITY or FITNESS FOR A PARTICULAR PURPOSE.

configure:4511: $? = 0
configure:4500: g++ -v >&5
Using built-in specs.
COLLECT_GCC=g++
COLLECT_LTO_WRAPPER=/cvmfs/atlas.cern.ch/repo/sw/atlas-gcc/493/x86_64/slc6/x86_64-slc6-gcc49-opt/bin/../libexec/gcc/x86_64-unknown-linux-gnu/4.9.3/lto-wrapper
Target: x86_64-unknown-linux-gnu
Configured with: ../gcc-4.9.3/configure --prefix=/build/pmendez-sftnight/install-493/ --with-system-zlib --disable-multilib --enable-languages=all
Thread model: posix
gcc version 4.9.3 (GCC) 
configure:4511: $? = 0
configure:4500: g++ -V >&5
g++: error: unrecognized command line option '-V'
g++: fatal error: no input files
compilation terminated.
configure:4511: $? = 1
configure:4500: g++ -qversion >&5
g++: error: unrecognized command line option '-qversion'
g++: fatal error: no input files
compilation terminated.
configure:4511: $? = 1
configure:4515: checking whether we are using the GNU C++ compiler
configure:4534: g++ -c -O3 -Wall -ffast-math  conftest.cpp >&5
configure:4534: $? = 0
configure:4543: result: yes
configure:4552: checking whether g++ accepts -g
configure:4572: g++ -c -g  conftest.cpp >&5
configure:4572: $? = 0
configure:4613: result: yes
configure:4638: checking dependency style of g++
configure:4749: result: gcc3
configure:4765: checking whether ln -s works
configure:4769: result: yes
configure:4776: checking whether make sets $(MAKE)
configure:4798: result: yes
configure:4808: checking for ANSI C header files
configure:4912: result: yes
configure:4936: checking for cos in -lm
configure:4961: gcc -o conftest -g -O2   conftest.c -lm   >&5
conftest.c:29:6: warning: conflicting types for built-in function 'cos'
 char cos ();
      ^
configure:4961: $? = 0
configure:4970: result: yes
configure:5012: checking build system type
configure:5026: result: x86_64-unknown-linux-gnu
configure:5046: checking host system type
configure:5059: result: x86_64-unknown-linux-gnu
configure:5100: checking how to print strings
configure:5127: result: printf
configure:5148: checking for a sed that does not truncate output
configure:5212: result: /bin/sed
configure:5230: checking for fgrep
configure:5292: result: /bin/grep -F
configure:5327: checking for ld used by gcc
configure:5394: result: /usr/bin/ld
configure:5401: checking if the linker (/usr/bin/ld) is GNU ld
configure:5416: result: yes
configure:5428: checking for BSD- or MS-compatible name lister (nm)
configure:5482: result: /usr/bin/nm -B
configure:5612: checking the name lister (/usr/bin/nm -B) interface
configure:5619: gcc -c -g -O2  conftest.c >&5
configure:5622: /usr/bin/nm -B "conftest.o"
configure:5625: output
0000000000000000 B some_variable
configure:5632: result: BSD nm
configure:5636: checking the maximum length of command line arguments
configure:5767: result: 1966080
configure:5815: checking how to convert x86_64-unknown-linux-gnu file names to x86_64-unknown-linux-gnu format
configure:5855: result: func_convert_file_noop
configure:5862: checking how to convert x86_64-unknown-linux-gnu file names to toolchain format
configure:5882: result: func_convert_file_noop
configure:5889: checking for /usr/bin/ld option to reload object files
configure:5896: result: -r
configure:5970: checking for objdump
configure:5986: found /usr/bin/objdump
configure:5997: result: objdump
configure:6029: checking how to recognize dependent libraries
configure:6229: result: pass_all
configure:6314: checking for dlltool
configure:6344: result: no
configure:6374: checking how to associate runtime and link libraries
configure:6401: result: printf %s\n
configure:6461: checking for ar
configure:6477: found /usr/bin/ar
configure:6488: result: ar
configure:6525: checking for archiver @FILE support
configure:6542: gcc -c -g -O2  conftest.c >&5
configure:6542: $? = 0
configure:6545: ar cru libconftest.a @conftest.lst >&5
configure:6548: $? = 0
configure:6553: ar cru libconftest.a @conftest.lst >&5
ar: conftest.o: No such file or directory
configure:6556: $? = 1
configure:6568: result: @
configure:6626: checking for strip
configure:6642: found /usr/bin/strip
configure:6653: result: strip
configure:6725: checking for ranlib
configure:6741: found /usr/bin/ranlib
configure:6752: result: ranlib
configure:6854: checking command to parse /usr/bin/nm -B output from gcc object
configure:7007: gcc -c -g -O2  conftest.c >&5
configure:7010: $? = 0
configure:7014: /usr/bin/nm -B conftest.o \| sed -n -e 's/^.*[ ]\([ABCDGIRSTW][ABCDGIRSTW]*\)[ ][ ]*\([_A-Za-z][_A-Za-z0-9]*\)$/\1 \2 \2/p' | sed '/ __gnu_lto/d' \> conftest.nm
configure:7017: $? = 0
configure:7083: gcc -o conftest -g -O2   conftest.c conftstm.o >&5
configure:7086: $? = 0
configure:7124: result: ok
configure:7171: checking for sysroot
configure:7201: result: no
configure:7208: checking for a working dd
configure:7246: result: /bin/dd
configure:7250: checking how to truncate binary pipes
configure:7265: result: /bin/dd bs=4096 count=1
configure:7401: gcc -c -g -O2  conftest.c >&5
configure:7404: $? = 0
configure:7594: checking for mt
configure:7624: result: no
configure:7644: checking if : is a manifest tool
configure:7650: : '-?'
configure:7658: result: no
configure:8332: checking for dlfcn.h
configure:8332: gcc -c -g -O2  conftest.c >&5
configure:8332: $? = 0
configure:8332: result: yes
configure:8599: checking for objdir
configure:8614: result: .libs
configure:8878: checking if gcc supports -fno-rtti -fno-exceptions
configure:8896: gcc -c -g -O2  -fno-rtti -fno-exceptions conftest.c >&5
cc1: warning: command line option '-fno-rtti' is valid for C++/ObjC++ but not for C
configure:8900: $? = 0
configure:8913: result: no
configure:9271: checking for gcc option to produce PIC
configure:9278: result: -fPIC -DPIC
configure:9286: checking if gcc PIC flag -fPIC -DPIC works
configure:9304: gcc -c -g -O2  -fPIC -DPIC -DPIC conftest.c >&5
configure:9308: $? = 0
configure:9321: result: yes
configure:9350: checking if gcc static flag -static works
configure:9378: result: yes
configure:9393: checking if gcc supports -c -o file.o
configure:9414: gcc -c -g -O2  -o out/conftest2.o conftest.c >&5
configure:9418: $? = 0
configure:9440: result: yes
configure:9448: checking if gcc supports -c -o file.o
configure:9495: result: yes
configure:9528: checking whether the gcc linker (/usr/bin/ld -m elf_x86_64) supports shared libraries
configure:10787: result: yes
configure:10824: checking whether -lc should be explicitly linked in
configure:10832: gcc -c -g -O2  conftest.c >&5
configure:10835: $? = 0
configure:10850: gcc -shared  -fPIC -DPIC conftest.o  -v -Wl,-soname -Wl,conftest -o conftest 2\>\&1 \| /bin/grep  -lc  \>/dev/null 2\>\&1
configure:10853: $? = 0
configure:10867: result: no
configure:11027: checking dynamic linker characteristics
configure:11608: gcc -o conftest -g -O2   -Wl,-rpath -Wl,/foo conftest.c -lm  >&5
configure:11608: $? = 0
configure:11845: result: GNU/Linux ld.so
configure:11967: checking how to hardcode library paths into programs
configure:11992: result: immediate
configure:12540: checking whether stripping libraries is possible
configure:12545: result: yes
configure:12580: checking if libtool supports shared libraries
configure:12582: result: yes
configure:12585: checking whether to build shared libraries
configure:12610: result: yes
configure:12613: checking whether to build static libraries
configure:12617: result: yes
configure:12640: checking how to run the C++ preprocessor
configure:12667: g++ -E  conftest.cpp
configure:12667: $? = 0
configure:12681: g++ -E  conftest.cpp
conftest.cpp:25:28: fatal error: ac_nonexistent.h: No such file or directory
 #include <ac_nonexistent.h>
                            ^
compilation terminated.
configure:12681: $? = 1
configure: failed program was:
| /* confdefs.h */
| #define PACKAGE_NAME "SISCone"
| #define PACKAGE_TARNAME "siscone"
| #define PACKAGE_VERSION "3.0.3"
| #define PACKAGE_STRING "SISCone 3.0.3"
| #define PACKAGE_BUGREPORT ""
| #define PACKAGE_URL ""
| #define PACKAGE "siscone"
| #define VERSION "3.0.3"
| #define STDC_HEADERS 1
| #define HAVE_SYS_TYPES_H 1
| #define HAVE_SYS_STAT_H 1
| #define HAVE_STDLIB_H 1
| #define HAVE_STRING_H 1
| #define HAVE_MEMORY_H 1
| #define HAVE_STRINGS_H 1
| #define HAVE_INTTYPES_H 1
| #define HAVE_STDINT_H 1
| #define HAVE_UNISTD_H 1
| #define STDC_HEADERS 1
| #define HAVE_LIBM 1
| #define HAVE_DLFCN_H 1
| #define LT_OBJDIR ".libs/"
| /* end confdefs.h.  */
| #include <ac_nonexistent.h>
configure:12706: result: g++ -E
configure:12726: g++ -E  conftest.cpp
configure:12726: $? = 0
configure:12740: g++ -E  conftest.cpp
conftest.cpp:25:28: fatal error: ac_nonexistent.h: No such file or directory
 #include <ac_nonexistent.h>
                            ^
compilation terminated.
configure:12740: $? = 1
configure: failed program was:
| /* confdefs.h */
| #define PACKAGE_NAME "SISCone"
| #define PACKAGE_TARNAME "siscone"
| #define PACKAGE_VERSION "3.0.3"
| #define PACKAGE_STRING "SISCone 3.0.3"
| #define PACKAGE_BUGREPORT ""
| #define PACKAGE_URL ""
| #define PACKAGE "siscone"
| #define VERSION "3.0.3"
| #define STDC_HEADERS 1
| #define HAVE_SYS_TYPES_H 1
| #define HAVE_SYS_STAT_H 1
| #define HAVE_STDLIB_H 1
| #define HAVE_STRING_H 1
| #define HAVE_MEMORY_H 1
| #define HAVE_STRINGS_H 1
| #define HAVE_INTTYPES_H 1
| #define HAVE_STDINT_H 1
| #define HAVE_UNISTD_H 1
| #define STDC_HEADERS 1
| #define HAVE_LIBM 1
| #define HAVE_DLFCN_H 1
| #define LT_OBJDIR ".libs/"
| /* end confdefs.h.  */
| #include <ac_nonexistent.h>
configure:12902: checking for ld used by g++
configure:12969: result: /usr/bin/ld -m elf_x86_64
configure:12976: checking if the linker (/usr/bin/ld -m elf_x86_64) is GNU ld
configure:12991: result: yes
configure:13046: checking whether the g++ linker (/usr/bin/ld -m elf_x86_64) supports shared libraries
configure:14119: result: yes
configure:14155: g++ -c -O3 -Wall -ffast-math -g   conftest.cpp >&5
configure:14158: $? = 0
configure:14639: checking for g++ option to produce PIC
configure:14646: result: -fPIC -DPIC
configure:14654: checking if g++ PIC flag -fPIC -DPIC works
configure:14672: g++ -c -O3 -Wall -ffast-math -g   -fPIC -DPIC -DPIC conftest.cpp >&5
configure:14676: $? = 0
configure:14689: result: yes
configure:14712: checking if g++ static flag -static works
configure:14740: result: yes
configure:14752: checking if g++ supports -c -o file.o
configure:14773: g++ -c -O3 -Wall -ffast-math -g   -o out/conftest2.o conftest.cpp >&5
configure:14777: $? = 0
configure:14799: result: yes
configure:14804: checking if g++ supports -c -o file.o
configure:14851: result: yes
configure:14881: checking whether the g++ linker (/usr/bin/ld -m elf_x86_64) supports shared libraries
configure:14921: result: yes
configure:15062: checking dynamic linker characteristics
configure:15807: result: GNU/Linux ld.so
configure:15872: checking how to hardcode library paths into programs
configure:15897: result: immediate
configure:15959: checking if g++ -O3 -Wall -ffast-math -g  considers atd::auto_ptr as deprecated
configure:15980: g++ -c -O3 -Wall -ffast-math -g  -Werror=deprecated-declarations  conftest.cpp >&5
configure:15980: $? = 0
configure:15986: result: no
configure:16137: checking that generated files are newer than configure
configure:16143: result: done
configure:16170: creating ./config.status

## ---------------------- ##
## Running config.status. ##
## ---------------------- ##

This file was extended by SISCone config.status 3.0.3, which was
generated by GNU Autoconf 2.69.  Invocation command line was

  CONFIG_FILES    = 
  CONFIG_HEADERS  = 
  CONFIG_LINKS    = 
  CONFIG_COMMANDS = 
  $ ./config.status 

on lxplus046.cern.ch

config.status:1154: creating Makefile
config.status:1154: creating siscone/Makefile
config.status:1154: creating siscone/spherical/Makefile
config.status:1154: creating examples/Makefile
config.status:1154: creating examples/events/Makefile
config.status:1154: creating siscone/config_raw.h
config.status:1383: executing siscone/config.h commands
config.status:1421: creating siscone/config.h - prefix SISCONE for siscone/config_raw.h defines
config.status:1383: executing depfiles commands
config.status:1550: cd siscone       && sed -e '/# am--include-marker/d' Makefile         | make -f - am--depfiles
config.status:1555: $? = 0
config.status:1550: cd siscone/spherical       && sed -e '/# am--include-marker/d' Makefile         | make -f - am--depfiles
config.status:1555: $? = 0
config.status:1550: cd examples       && sed -e '/# am--include-marker/d' Makefile         | make -f - am--depfiles
config.status:1555: $? = 0
config.status:1383: executing libtool commands

## ---------------- ##
## Cache variables. ##
## ---------------- ##

ac_cv_build=x86_64-unknown-linux-gnu
ac_cv_c_compiler_gnu=yes
ac_cv_cxx_compiler_gnu=yes
ac_cv_env_CCC_set=
ac_cv_env_CCC_value=
ac_cv_env_CC_set=
ac_cv_env_CC_value=
ac_cv_env_CFLAGS_set=
ac_cv_env_CFLAGS_value=
ac_cv_env_CPPFLAGS_set=
ac_cv_env_CPPFLAGS_value=
ac_cv_env_CPP_set=
ac_cv_env_CPP_value=
ac_cv_env_CXXCPP_set=
ac_cv_env_CXXCPP_value=
ac_cv_env_CXXFLAGS_set=
ac_cv_env_CXXFLAGS_value=
ac_cv_env_CXX_set=
ac_cv_env_CXX_value=
ac_cv_env_LDFLAGS_set=
ac_cv_env_LDFLAGS_value=
ac_cv_env_LIBS_set=
ac_cv_env_LIBS_value=
ac_cv_env_LT_SYS_LIBRARY_PATH_set=
ac_cv_env_LT_SYS_LIBRARY_PATH_value=
ac_cv_env_build_alias_set=
ac_cv_env_build_alias_value=
ac_cv_env_host_alias_set=
ac_cv_env_host_alias_value=
ac_cv_env_target_alias_set=
ac_cv_env_target_alias_value=
ac_cv_header_dlfcn_h=yes
ac_cv_header_inttypes_h=yes
ac_cv_header_memory_h=yes
ac_cv_header_stdc=yes
ac_cv_header_stdint_h=yes
ac_cv_header_stdlib_h=yes
ac_cv_header_string_h=yes
ac_cv_header_strings_h=yes
ac_cv_header_sys_stat_h=yes
ac_cv_header_sys_types_h=yes
ac_cv_header_unistd_h=yes
ac_cv_host=x86_64-unknown-linux-gnu
ac_cv_lib_m_cos=yes
ac_cv_objext=o
ac_cv_path_EGREP='/bin/grep -E'
ac_cv_path_FGREP='/bin/grep -F'
ac_cv_path_GREP=/bin/grep
ac_cv_path_SED=/bin/sed
ac_cv_path_install='/usr/bin/install -c'
ac_cv_path_lt_DD=/bin/dd
ac_cv_path_mkdir=/bin/mkdir
ac_cv_prog_AWK=gawk
ac_cv_prog_CPP='gcc -E'
ac_cv_prog_CXXCPP='g++ -E'
ac_cv_prog_ac_ct_AR=ar
ac_cv_prog_ac_ct_CC=gcc
ac_cv_prog_ac_ct_CXX=g++
ac_cv_prog_ac_ct_OBJDUMP=objdump
ac_cv_prog_ac_ct_RANLIB=ranlib
ac_cv_prog_ac_ct_STRIP=strip
ac_cv_prog_cc_c89=
ac_cv_prog_cc_g=yes
ac_cv_prog_cxx_g=yes
ac_cv_prog_make_make_set=yes
ac_cv_type_int=yes
ac_cv_type_long=yes
am_cv_CC_dependencies_compiler_type=gcc3
am_cv_CXX_dependencies_compiler_type=gcc3
am_cv_make_support_nested_variables=yes
am_cv_prog_cc_c_o=yes
lt_cv_ar_at_file=@
lt_cv_archive_cmds_need_lc=no
lt_cv_deplibs_check_method=pass_all
lt_cv_file_magic_cmd='$MAGIC_CMD'
lt_cv_file_magic_test_file=
lt_cv_ld_reload_flag=-r
lt_cv_nm_interface='BSD nm'
lt_cv_objdir=.libs
lt_cv_path_LD=/usr/bin/ld
lt_cv_path_LDCXX='/usr/bin/ld -m elf_x86_64'
lt_cv_path_NM='/usr/bin/nm -B'
lt_cv_path_mainfest_tool=no
lt_cv_prog_compiler_c_o=yes
lt_cv_prog_compiler_c_o_CXX=yes
lt_cv_prog_compiler_pic='-fPIC -DPIC'
lt_cv_prog_compiler_pic_CXX='-fPIC -DPIC'
lt_cv_prog_compiler_pic_works=yes
lt_cv_prog_compiler_pic_works_CXX=yes
lt_cv_prog_compiler_rtti_exceptions=no
lt_cv_prog_compiler_static_works=yes
lt_cv_prog_compiler_static_works_CXX=yes
lt_cv_prog_gnu_ld=yes
lt_cv_prog_gnu_ldcxx=yes
lt_cv_sharedlib_from_linklib_cmd='printf %s\n'
lt_cv_shlibpath_overrides_runpath=no
lt_cv_sys_global_symbol_pipe='sed -n -e '\''s/^.*[	 ]\([ABCDGIRSTW][ABCDGIRSTW]*\)[	 ][	 ]*\([_A-Za-z][_A-Za-z0-9]*\)$/\1 \2 \2/p'\'' | sed '\''/ __gnu_lto/d'\'''
lt_cv_sys_global_symbol_to_c_name_address='sed -n -e '\''s/^: \(.*\) .*$/  {"\1", (void *) 0},/p'\'' -e '\''s/^[ABCDGIRSTW][ABCDGIRSTW]* .* \(.*\)$/  {"\1", (void *) \&\1},/p'\'''
lt_cv_sys_global_symbol_to_c_name_address_lib_prefix='sed -n -e '\''s/^: \(.*\) .*$/  {"\1", (void *) 0},/p'\'' -e '\''s/^[ABCDGIRSTW][ABCDGIRSTW]* .* \(lib.*\)$/  {"\1", (void *) \&\1},/p'\'' -e '\''s/^[ABCDGIRSTW][ABCDGIRSTW]* .* \(.*\)$/  {"lib\1", (void *) \&\1},/p'\'''
lt_cv_sys_global_symbol_to_cdecl='sed -n -e '\''s/^T .* \(.*\)$/extern int \1();/p'\'' -e '\''s/^[ABCDGIRSTW][ABCDGIRSTW]* .* \(.*\)$/extern char \1;/p'\'''
lt_cv_sys_global_symbol_to_import=
lt_cv_sys_max_cmd_len=1966080
lt_cv_to_host_file_cmd=func_convert_file_noop
lt_cv_to_tool_file_cmd=func_convert_file_noop
lt_cv_truncate_bin='/bin/dd bs=4096 count=1'

## ----------------- ##
## Output variables. ##
## ----------------- ##

ACLOCAL='${SHELL} /afs/cern.ch/work/t/tkar/testarea/fastjet/fastjet-3.3.1/plugins/SISCone/siscone/missing aclocal-1.16'
AMDEPBACKSLASH='\'
AMDEP_FALSE='#'
AMDEP_TRUE=''
AMTAR='$${TAR-tar}'
AM_BACKSLASH='\'
AM_DEFAULT_V='$(AM_DEFAULT_VERBOSITY)'
AM_DEFAULT_VERBOSITY='1'
AM_V='$(V)'
AR='ar'
AUTOCONF='${SHELL} /afs/cern.ch/work/t/tkar/testarea/fastjet/fastjet-3.3.1/plugins/SISCone/siscone/missing autoconf'
AUTOHEADER='${SHELL} /afs/cern.ch/work/t/tkar/testarea/fastjet/fastjet-3.3.1/plugins/SISCone/siscone/missing autoheader'
AUTOMAKE='${SHELL} /afs/cern.ch/work/t/tkar/testarea/fastjet/fastjet-3.3.1/plugins/SISCone/siscone/missing automake-1.16'
AWK='gawk'
CC='gcc'
CCDEPMODE='depmode=gcc3'
CFLAGS='-g -O2'
CPP='gcc -E'
CPPFLAGS=''
CXX='g++'
CXXCPP='g++ -E'
CXXDEPMODE='depmode=gcc3'
CXXFLAGS='-O3 -Wall -ffast-math -g '
CYGPATH_W='echo'
DEFS='-DHAVE_CONFIG_H'
DEPDIR='.deps'
DLLTOOL='false'
DSYMUTIL=''
DUMPBIN=''
ECHO_C=''
ECHO_N='-n'
ECHO_T=''
EGREP='/bin/grep -E'
EXEEXT=''
FGREP='/bin/grep -F'
GREP='/bin/grep'
INSTALL_DATA='${INSTALL} -m 644'
INSTALL_PROGRAM='${INSTALL}'
INSTALL_SCRIPT='${INSTALL}'
INSTALL_STRIP_PROGRAM='$(install_sh) -c -s'
LD='/usr/bin/ld -m elf_x86_64'
LDFLAGS=''
LIBOBJS=''
LIBS='-lm '
LIBTOOL='$(SHELL) $(top_builddir)/libtool'
LIPO=''
LN_S='ln -s'
LTLIBOBJS=''
LT_SYS_LIBRARY_PATH=''
MAKEINFO='${SHELL} /afs/cern.ch/work/t/tkar/testarea/fastjet/fastjet-3.3.1/plugins/SISCone/siscone/missing makeinfo'
MANIFEST_TOOL=':'
MKDIR_P='/bin/mkdir -p'
NM='/usr/bin/nm -B'
NMEDIT=''
OBJDUMP='objdump'
OBJEXT='o'
OTOOL64=''
OTOOL=''
PACKAGE='siscone'
PACKAGE_BUGREPORT=''
PACKAGE_NAME='SISCone'
PACKAGE_STRING='SISCone 3.0.3'
PACKAGE_TARNAME='siscone'
PACKAGE_URL=''
PACKAGE_VERSION='3.0.3'
PATH_SEPARATOR=':'
RANLIB='ranlib'
SED='/bin/sed'
SET_MAKE=''
SHELL='/bin/sh'
STRIP='strip'
VERSION='3.0.3'
ac_ct_AR='ar'
ac_ct_CC='gcc'
ac_ct_CXX='g++'
ac_ct_DUMPBIN=''
am__EXEEXT_FALSE=''
am__EXEEXT_TRUE='#'
am__fastdepCC_FALSE='#'
am__fastdepCC_TRUE=''
am__fastdepCXX_FALSE='#'
am__fastdepCXX_TRUE=''
am__include='include'
am__isrc=''
am__leading_dot='.'
am__nodep='_no'
am__quote=''
am__tar='$${TAR-tar} chof - "$$tardir"'
am__untar='$${TAR-tar} xf -'
bindir='${exec_prefix}/bin'
build='x86_64-unknown-linux-gnu'
build_alias=''
build_cpu='x86_64'
build_os='linux-gnu'
build_vendor='unknown'
datadir='${datarootdir}'
datarootdir='${prefix}/share'
docdir='${datarootdir}/doc/${PACKAGE_TARNAME}'
dvidir='${docdir}'
exec_prefix='${prefix}'
host='x86_64-unknown-linux-gnu'
host_alias=''
host_cpu='x86_64'
host_os='linux-gnu'
host_vendor='unknown'
htmldir='${docdir}'
includedir='${prefix}/include'
infodir='${datarootdir}/info'
install_sh='${SHELL} /afs/cern.ch/work/t/tkar/testarea/fastjet/fastjet-3.3.1/plugins/SISCone/siscone/install-sh'
libdir='${exec_prefix}/lib'
libexecdir='${exec_prefix}/libexec'
localedir='${datarootdir}/locale'
localstatedir='${prefix}/var'
mandir='${datarootdir}/man'
mkdir_p='$(MKDIR_P)'
oldincludedir='/usr/include'
pdfdir='${docdir}'
prefix='/afs/cern.ch/work/t/tkar/testarea/fastjet/fastjet-3.3.1/../fastjet-install'
program_transform_name='s,x,x,'
psdir='${docdir}'
sbindir='${exec_prefix}/sbin'
sharedstatedir='${prefix}/com'
sysconfdir='${prefix}/etc'
target_alias=''

## ----------- ##
## confdefs.h. ##
## ----------- ##

/* confdefs.h */
#define PACKAGE_NAME "SISCone"
#define PACKAGE_TARNAME "siscone"
#define PACKAGE_VERSION "3.0.3"
#define PACKAGE_STRING "SISCone 3.0.3"
#define PACKAGE_BUGREPORT ""
#define PACKAGE_URL ""
#define PACKAGE "siscone"
#define VERSION "3.0.3"
#define STDC_HEADERS 1
#define HAVE_SYS_TYPES_H 1
#define HAVE_SYS_STAT_H 1
#define HAVE_STDLIB_H 1
#define HAVE_STRING_H 1
#define HAVE_MEMORY_H 1
#define HAVE_STRINGS_H 1
#define HAVE_INTTYPES_H 1
#define HAVE_STDINT_H 1
#define HAVE_UNISTD_H 1
#define STDC_HEADERS 1
#define HAVE_LIBM 1
#define HAVE_DLFCN_H 1
#define LT_OBJDIR ".libs/"

configure: exit 0
