This file contains any messages produced by compilers while
running configure, to aid debugging if configure makes a mistake.

It was created by SISCone configure 3.0.4, which was
generated by GNU Autoconf 2.69.  Invocation command line was

  $ ./configure --disable-option-checking --prefix=/home/tamasi/fastJet/fastjet-3.3.2/../fastjet-install --cache-file=/dev/null --srcdir=.

## --------- ##
## Platform. ##
## --------- ##

hostname = tamasi-lap
uname -m = x86_64
uname -r = 4.18.0-21-generic
uname -s = Linux
uname -v = #22~18.04.1-Ubuntu SMP Thu May 16 15:07:19 UTC 2019

/usr/bin/uname -p = unknown
/bin/uname -X     = unknown

/bin/arch              = unknown
/usr/bin/arch -k       = unknown
/usr/convex/getsysinfo = unknown
/usr/bin/hostinfo      = unknown
/bin/machine           = unknown
/usr/bin/oslevel       = unknown
/bin/universe          = unknown

PATH: /home/tamasi/repo_tamasi/mu3e/install/bin
PATH: /home/tamasi/Geant4/geant4.10.05-install/bin
PATH: /home/tamasi/build/bin
PATH: /usr/local/sbin
PATH: /usr/local/bin
PATH: /usr/sbin
PATH: /usr/bin
PATH: /sbin
PATH: /bin
PATH: /usr/games
PATH: /usr/local/games
PATH: /snap/bin


## ----------- ##
## Core tests. ##
## ----------- ##

configure:2369: checking for a BSD-compatible install
configure:2437: result: /usr/bin/install -c
configure:2448: checking whether build environment is sane
configure:2503: result: yes
configure:2654: checking for a thread-safe mkdir -p
configure:2693: result: /bin/mkdir -p
configure:2700: checking for gawk
configure:2716: found /usr/bin/gawk
configure:2727: result: gawk
configure:2738: checking whether make sets $(MAKE)
configure:2760: result: yes
configure:2789: checking whether make supports nested variables
configure:2806: result: yes
configure:2945: checking whether make supports the include directive
configure:2960: make -f confmf.GNU && cat confinc.out
this is the am__doit target
configure:2963: $? = 0
configure:2982: result: yes (GNU style)
configure:3052: checking for gcc
configure:3068: found /usr/bin/gcc
configure:3079: result: gcc
configure:3308: checking for C compiler version
configure:3317: gcc --version >&5
gcc (Ubuntu 7.4.0-1ubuntu1~18.04) 7.4.0
Copyright (C) 2017 Free Software Foundation, Inc.
This is free software; see the source for copying conditions.  There is NO
warranty; not even for MERCHANTABILITY or FITNESS FOR A PARTICULAR PURPOSE.

configure:3328: $? = 0
configure:3317: gcc -v >&5
Using built-in specs.
COLLECT_GCC=gcc
COLLECT_LTO_WRAPPER=/usr/lib/gcc/x86_64-linux-gnu/7/lto-wrapper
OFFLOAD_TARGET_NAMES=nvptx-none
OFFLOAD_TARGET_DEFAULT=1
Target: x86_64-linux-gnu
Configured with: ../src/configure -v --with-pkgversion='Ubuntu 7.4.0-1ubuntu1~18.04' --with-bugurl=file:///usr/share/doc/gcc-7/README.Bugs --enable-languages=c,ada,c++,go,brig,d,fortran,objc,obj-c++ --prefix=/usr --with-gcc-major-version-only --program-suffix=-7 --program-prefix=x86_64-linux-gnu- --enable-shared --enable-linker-build-id --libexecdir=/usr/lib --without-included-gettext --enable-threads=posix --libdir=/usr/lib --enable-nls --with-sysroot=/ --enable-clocale=gnu --enable-libstdcxx-debug --enable-libstdcxx-time=yes --with-default-libstdcxx-abi=new --enable-gnu-unique-object --disable-vtable-verify --enable-libmpx --enable-plugin --enable-default-pie --with-system-zlib --with-target-system-zlib --enable-objc-gc=auto --enable-multiarch --disable-werror --with-arch-32=i686 --with-abi=m64 --with-multilib-list=m32,m64,mx32 --enable-multilib --with-tune=generic --enable-offload-targets=nvptx-none --without-cuda-driver --enable-checking=release --build=x86_64-linux-gnu --host=x86_64-linux-gnu --target=x86_64-linux-gnu
Thread model: posix
gcc version 7.4.0 (Ubuntu 7.4.0-1ubuntu1~18.04) 
configure:3328: $? = 0
configure:3317: gcc -V >&5
gcc: error: unrecognized command line option '-V'
gcc: fatal error: no input files
compilation terminated.
configure:3328: $? = 1
configure:3317: gcc -qversion >&5
gcc: error: unrecognized command line option '-qversion'; did you mean '--version'?
gcc: fatal error: no input files
compilation terminated.
configure:3328: $? = 1
configure:3348: checking whether the C compiler works
configure:3370: gcc    conftest.c  >&5
configure:3374: $? = 0
configure:3422: result: yes
configure:3425: checking for C compiler default output file name
configure:3427: result: a.out
configure:3433: checking for suffix of executables
configure:3440: gcc -o conftest    conftest.c  >&5
configure:3444: $? = 0
configure:3466: result: 
configure:3488: checking whether we are cross compiling
configure:3496: gcc -o conftest    conftest.c  >&5
configure:3500: $? = 0
configure:3507: ./conftest
configure:3511: $? = 0
configure:3526: result: no
configure:3531: checking for suffix of object files
configure:3553: gcc -c   conftest.c >&5
configure:3557: $? = 0
configure:3578: result: o
configure:3582: checking whether we are using the GNU C compiler
configure:3601: gcc -c   conftest.c >&5
configure:3601: $? = 0
configure:3610: result: yes
configure:3619: checking whether gcc accepts -g
configure:3639: gcc -c -g  conftest.c >&5
configure:3639: $? = 0
configure:3680: result: yes
configure:3697: checking for gcc option to accept ISO C89
configure:3760: gcc  -c -g -O2  conftest.c >&5
configure:3760: $? = 0
configure:3773: result: none needed
configure:3798: checking whether gcc understands -c and -o together
configure:3820: gcc -c conftest.c -o conftest2.o
configure:3823: $? = 0
configure:3820: gcc -c conftest.c -o conftest2.o
configure:3823: $? = 0
configure:3835: result: yes
configure:3854: checking dependency style of gcc
configure:3965: result: gcc3
configure:3986: checking how to run the C preprocessor
configure:4017: gcc -E  conftest.c
configure:4017: $? = 0
configure:4031: gcc -E  conftest.c
conftest.c:11:10: fatal error: ac_nonexistent.h: No such file or directory
 #include <ac_nonexistent.h>
          ^~~~~~~~~~~~~~~~~~
compilation terminated.
configure:4031: $? = 1
configure: failed program was:
| /* confdefs.h */
| #define PACKAGE_NAME "SISCone"
| #define PACKAGE_TARNAME "siscone"
| #define PACKAGE_VERSION "3.0.4"
| #define PACKAGE_STRING "SISCone 3.0.4"
| #define PACKAGE_BUGREPORT ""
| #define PACKAGE_URL ""
| #define PACKAGE "siscone"
| #define VERSION "3.0.4"
| /* end confdefs.h.  */
| #include <ac_nonexistent.h>
configure:4056: result: gcc -E
configure:4076: gcc -E  conftest.c
configure:4076: $? = 0
configure:4090: gcc -E  conftest.c
conftest.c:11:10: fatal error: ac_nonexistent.h: No such file or directory
 #include <ac_nonexistent.h>
          ^~~~~~~~~~~~~~~~~~
compilation terminated.
configure:4090: $? = 1
configure: failed program was:
| /* confdefs.h */
| #define PACKAGE_NAME "SISCone"
| #define PACKAGE_TARNAME "siscone"
| #define PACKAGE_VERSION "3.0.4"
| #define PACKAGE_STRING "SISCone 3.0.4"
| #define PACKAGE_BUGREPORT ""
| #define PACKAGE_URL ""
| #define PACKAGE "siscone"
| #define VERSION "3.0.4"
| /* end confdefs.h.  */
| #include <ac_nonexistent.h>
configure:4119: checking for grep that handles long lines and -e
configure:4177: result: /bin/grep
configure:4182: checking for egrep
configure:4244: result: /bin/grep -E
configure:4249: checking for ANSI C header files
configure:4269: gcc -c -g -O2  conftest.c >&5
configure:4269: $? = 0
configure:4342: gcc -o conftest -g -O2   conftest.c  >&5
configure:4342: $? = 0
configure:4342: ./conftest
configure:4342: $? = 0
configure:4353: result: yes
configure:4366: checking for sys/types.h
configure:4366: gcc -c -g -O2  conftest.c >&5
configure:4366: $? = 0
configure:4366: result: yes
configure:4366: checking for sys/stat.h
configure:4366: gcc -c -g -O2  conftest.c >&5
configure:4366: $? = 0
configure:4366: result: yes
configure:4366: checking for stdlib.h
configure:4366: gcc -c -g -O2  conftest.c >&5
configure:4366: $? = 0
configure:4366: result: yes
configure:4366: checking for string.h
configure:4366: gcc -c -g -O2  conftest.c >&5
configure:4366: $? = 0
configure:4366: result: yes
configure:4366: checking for memory.h
configure:4366: gcc -c -g -O2  conftest.c >&5
configure:4366: $? = 0
configure:4366: result: yes
configure:4366: checking for strings.h
configure:4366: gcc -c -g -O2  conftest.c >&5
configure:4366: $? = 0
configure:4366: result: yes
configure:4366: checking for inttypes.h
configure:4366: gcc -c -g -O2  conftest.c >&5
configure:4366: $? = 0
configure:4366: result: yes
configure:4366: checking for stdint.h
configure:4366: gcc -c -g -O2  conftest.c >&5
configure:4366: $? = 0
configure:4366: result: yes
configure:4366: checking for unistd.h
configure:4366: gcc -c -g -O2  conftest.c >&5
configure:4366: $? = 0
configure:4366: result: yes
configure:4378: checking for int
configure:4378: gcc -c -g -O2  conftest.c >&5
configure:4378: $? = 0
configure:4378: gcc -c -g -O2  conftest.c >&5
conftest.c: In function 'main':
conftest.c:57:18: error: expected expression before ')' token
 if (sizeof ((int)))
                  ^
configure:4378: $? = 1
configure: failed program was:
| /* confdefs.h */
| #define PACKAGE_NAME "SISCone"
| #define PACKAGE_TARNAME "siscone"
| #define PACKAGE_VERSION "3.0.4"
| #define PACKAGE_STRING "SISCone 3.0.4"
| #define PACKAGE_BUGREPORT ""
| #define PACKAGE_URL ""
| #define PACKAGE "siscone"
| #define VERSION "3.0.4"
| #define STDC_HEADERS 1
| #define HAVE_SYS_TYPES_H 1
| #define HAVE_SYS_STAT_H 1
| #define HAVE_STDLIB_H 1
| #define HAVE_STRING_H 1
| #define HAVE_MEMORY_H 1
| #define HAVE_STRINGS_H 1
| #define HAVE_INTTYPES_H 1
| #define HAVE_STDINT_H 1
| #define HAVE_UNISTD_H 1
| /* end confdefs.h.  */
| #include <stdio.h>
| #ifdef HAVE_SYS_TYPES_H
| # include <sys/types.h>
| #endif
| #ifdef HAVE_SYS_STAT_H
| # include <sys/stat.h>
| #endif
| #ifdef STDC_HEADERS
| # include <stdlib.h>
| # include <stddef.h>
| #else
| # ifdef HAVE_STDLIB_H
| #  include <stdlib.h>
| # endif
| #endif
| #ifdef HAVE_STRING_H
| # if !defined STDC_HEADERS && defined HAVE_MEMORY_H
| #  include <memory.h>
| # endif
| # include <string.h>
| #endif
| #ifdef HAVE_STRINGS_H
| # include <strings.h>
| #endif
| #ifdef HAVE_INTTYPES_H
| # include <inttypes.h>
| #endif
| #ifdef HAVE_STDINT_H
| # include <stdint.h>
| #endif
| #ifdef HAVE_UNISTD_H
| # include <unistd.h>
| #endif
| int
| main ()
| {
| if (sizeof ((int)))
| 	    return 0;
|   ;
|   return 0;
| }
configure:4378: result: yes
configure:4383: checking for long
configure:4383: gcc -c -g -O2  conftest.c >&5
configure:4383: $? = 0
configure:4383: gcc -c -g -O2  conftest.c >&5
conftest.c: In function 'main':
conftest.c:57:19: error: expected expression before ')' token
 if (sizeof ((long)))
                   ^
configure:4383: $? = 1
configure: failed program was:
| /* confdefs.h */
| #define PACKAGE_NAME "SISCone"
| #define PACKAGE_TARNAME "siscone"
| #define PACKAGE_VERSION "3.0.4"
| #define PACKAGE_STRING "SISCone 3.0.4"
| #define PACKAGE_BUGREPORT ""
| #define PACKAGE_URL ""
| #define PACKAGE "siscone"
| #define VERSION "3.0.4"
| #define STDC_HEADERS 1
| #define HAVE_SYS_TYPES_H 1
| #define HAVE_SYS_STAT_H 1
| #define HAVE_STDLIB_H 1
| #define HAVE_STRING_H 1
| #define HAVE_MEMORY_H 1
| #define HAVE_STRINGS_H 1
| #define HAVE_INTTYPES_H 1
| #define HAVE_STDINT_H 1
| #define HAVE_UNISTD_H 1
| /* end confdefs.h.  */
| #include <stdio.h>
| #ifdef HAVE_SYS_TYPES_H
| # include <sys/types.h>
| #endif
| #ifdef HAVE_SYS_STAT_H
| # include <sys/stat.h>
| #endif
| #ifdef STDC_HEADERS
| # include <stdlib.h>
| # include <stddef.h>
| #else
| # ifdef HAVE_STDLIB_H
| #  include <stdlib.h>
| # endif
| #endif
| #ifdef HAVE_STRING_H
| # if !defined STDC_HEADERS && defined HAVE_MEMORY_H
| #  include <memory.h>
| # endif
| # include <string.h>
| #endif
| #ifdef HAVE_STRINGS_H
| # include <strings.h>
| #endif
| #ifdef HAVE_INTTYPES_H
| # include <inttypes.h>
| #endif
| #ifdef HAVE_STDINT_H
| # include <stdint.h>
| #endif
| #ifdef HAVE_UNISTD_H
| # include <unistd.h>
| #endif
| int
| main ()
| {
| if (sizeof ((long)))
| 	    return 0;
|   ;
|   return 0;
| }
configure:4383: result: yes
configure:4449: checking for g++
configure:4465: found /usr/bin/g++
configure:4476: result: g++
configure:4503: checking for C++ compiler version
configure:4512: g++ --version >&5
g++ (Ubuntu 7.4.0-1ubuntu1~18.04) 7.4.0
Copyright (C) 2017 Free Software Foundation, Inc.
This is free software; see the source for copying conditions.  There is NO
warranty; not even for MERCHANTABILITY or FITNESS FOR A PARTICULAR PURPOSE.

configure:4523: $? = 0
configure:4512: g++ -v >&5
Using built-in specs.
COLLECT_GCC=g++
COLLECT_LTO_WRAPPER=/usr/lib/gcc/x86_64-linux-gnu/7/lto-wrapper
OFFLOAD_TARGET_NAMES=nvptx-none
OFFLOAD_TARGET_DEFAULT=1
Target: x86_64-linux-gnu
Configured with: ../src/configure -v --with-pkgversion='Ubuntu 7.4.0-1ubuntu1~18.04' --with-bugurl=file:///usr/share/doc/gcc-7/README.Bugs --enable-languages=c,ada,c++,go,brig,d,fortran,objc,obj-c++ --prefix=/usr --with-gcc-major-version-only --program-suffix=-7 --program-prefix=x86_64-linux-gnu- --enable-shared --enable-linker-build-id --libexecdir=/usr/lib --without-included-gettext --enable-threads=posix --libdir=/usr/lib --enable-nls --with-sysroot=/ --enable-clocale=gnu --enable-libstdcxx-debug --enable-libstdcxx-time=yes --with-default-libstdcxx-abi=new --enable-gnu-unique-object --disable-vtable-verify --enable-libmpx --enable-plugin --enable-default-pie --with-system-zlib --with-target-system-zlib --enable-objc-gc=auto --enable-multiarch --disable-werror --with-arch-32=i686 --with-abi=m64 --with-multilib-list=m32,m64,mx32 --enable-multilib --with-tune=generic --enable-offload-targets=nvptx-none --without-cuda-driver --enable-checking=release --build=x86_64-linux-gnu --host=x86_64-linux-gnu --target=x86_64-linux-gnu
Thread model: posix
gcc version 7.4.0 (Ubuntu 7.4.0-1ubuntu1~18.04) 
configure:4523: $? = 0
configure:4512: g++ -V >&5
g++: error: unrecognized command line option '-V'
g++: fatal error: no input files
compilation terminated.
configure:4523: $? = 1
configure:4512: g++ -qversion >&5
g++: error: unrecognized command line option '-qversion'; did you mean '--version'?
g++: fatal error: no input files
compilation terminated.
configure:4523: $? = 1
configure:4527: checking whether we are using the GNU C++ compiler
configure:4546: g++ -c -O3 -Wall -ffast-math  conftest.cpp >&5
configure:4546: $? = 0
configure:4555: result: yes
configure:4564: checking whether g++ accepts -g
configure:4584: g++ -c -g  conftest.cpp >&5
configure:4584: $? = 0
configure:4625: result: yes
configure:4650: checking dependency style of g++
configure:4761: result: gcc3
configure:4777: checking whether ln -s works
configure:4781: result: yes
configure:4788: checking whether make sets $(MAKE)
configure:4810: result: yes
configure:4820: checking for ANSI C header files
configure:4924: result: yes
configure:4948: checking for cos in -lm
configure:4973: gcc -o conftest -g -O2   conftest.c -lm   >&5
conftest.c:29:6: warning: conflicting types for built-in function 'cos' [-Wbuiltin-declaration-mismatch]
 char cos ();
      ^~~
configure:4973: $? = 0
configure:4982: result: yes
configure:5024: checking build system type
configure:5038: result: x86_64-pc-linux-gnu
configure:5058: checking host system type
configure:5071: result: x86_64-pc-linux-gnu
configure:5112: checking how to print strings
configure:5139: result: printf
configure:5160: checking for a sed that does not truncate output
configure:5224: result: /bin/sed
configure:5242: checking for fgrep
configure:5304: result: /bin/grep -F
configure:5339: checking for ld used by gcc
configure:5406: result: /usr/bin/ld
configure:5413: checking if the linker (/usr/bin/ld) is GNU ld
configure:5428: result: yes
configure:5440: checking for BSD- or MS-compatible name lister (nm)
configure:5494: result: /usr/bin/nm -B
configure:5624: checking the name lister (/usr/bin/nm -B) interface
configure:5631: gcc -c -g -O2  conftest.c >&5
configure:5634: /usr/bin/nm -B "conftest.o"
configure:5637: output
0000000000000000 B some_variable
configure:5644: result: BSD nm
configure:5648: checking the maximum length of command line arguments
configure:5779: result: 1572864
configure:5827: checking how to convert x86_64-pc-linux-gnu file names to x86_64-pc-linux-gnu format
configure:5867: result: func_convert_file_noop
configure:5874: checking how to convert x86_64-pc-linux-gnu file names to toolchain format
configure:5894: result: func_convert_file_noop
configure:5901: checking for /usr/bin/ld option to reload object files
configure:5908: result: -r
configure:5982: checking for objdump
configure:5998: found /usr/bin/objdump
configure:6009: result: objdump
configure:6041: checking how to recognize dependent libraries
configure:6241: result: pass_all
configure:6326: checking for dlltool
configure:6356: result: no
configure:6386: checking how to associate runtime and link libraries
configure:6413: result: printf %s\n
configure:6473: checking for ar
configure:6489: found /usr/bin/ar
configure:6500: result: ar
configure:6537: checking for archiver @FILE support
configure:6554: gcc -c -g -O2  conftest.c >&5
configure:6554: $? = 0
configure:6557: ar cru libconftest.a @conftest.lst >&5
ar: `u' modifier ignored since `D' is the default (see `U')
configure:6560: $? = 0
configure:6565: ar cru libconftest.a @conftest.lst >&5
ar: `u' modifier ignored since `D' is the default (see `U')
ar: conftest.o: No such file or directory
configure:6568: $? = 1
configure:6580: result: @
configure:6638: checking for strip
configure:6654: found /usr/bin/strip
configure:6665: result: strip
configure:6737: checking for ranlib
configure:6753: found /usr/bin/ranlib
configure:6764: result: ranlib
configure:6866: checking command to parse /usr/bin/nm -B output from gcc object
configure:7019: gcc -c -g -O2  conftest.c >&5
configure:7022: $? = 0
configure:7026: /usr/bin/nm -B conftest.o \| sed -n -e 's/^.*[ ]\([ABCDGIRSTW][ABCDGIRSTW]*\)[ ][ ]*\([_A-Za-z][_A-Za-z0-9]*\)$/\1 \2 \2/p' | sed '/ __gnu_lto/d' \> conftest.nm
configure:7029: $? = 0
configure:7095: gcc -o conftest -g -O2   conftest.c conftstm.o >&5
configure:7098: $? = 0
configure:7136: result: ok
configure:7183: checking for sysroot
configure:7213: result: no
configure:7220: checking for a working dd
configure:7258: result: /bin/dd
configure:7262: checking how to truncate binary pipes
configure:7277: result: /bin/dd bs=4096 count=1
configure:7413: gcc -c -g -O2  conftest.c >&5
configure:7416: $? = 0
configure:7606: checking for mt
configure:7622: found /bin/mt
configure:7633: result: mt
configure:7656: checking if mt is a manifest tool
configure:7662: mt '-?'
configure:7670: result: no
configure:8344: checking for dlfcn.h
configure:8344: gcc -c -g -O2  conftest.c >&5
configure:8344: $? = 0
configure:8344: result: yes
configure:8611: checking for objdir
configure:8626: result: .libs
configure:8890: checking if gcc supports -fno-rtti -fno-exceptions
configure:8908: gcc -c -g -O2  -fno-rtti -fno-exceptions conftest.c >&5
cc1: warning: command line option '-fno-rtti' is valid for C++/ObjC++ but not for C
configure:8912: $? = 0
configure:8925: result: no
configure:9283: checking for gcc option to produce PIC
configure:9290: result: -fPIC -DPIC
configure:9298: checking if gcc PIC flag -fPIC -DPIC works
configure:9316: gcc -c -g -O2  -fPIC -DPIC -DPIC conftest.c >&5
configure:9320: $? = 0
configure:9333: result: yes
configure:9362: checking if gcc static flag -static works
configure:9390: result: yes
configure:9405: checking if gcc supports -c -o file.o
configure:9426: gcc -c -g -O2  -o out/conftest2.o conftest.c >&5
configure:9430: $? = 0
configure:9452: result: yes
configure:9460: checking if gcc supports -c -o file.o
configure:9507: result: yes
configure:9540: checking whether the gcc linker (/usr/bin/ld -m elf_x86_64) supports shared libraries
configure:10803: result: yes
configure:10840: checking whether -lc should be explicitly linked in
configure:10848: gcc -c -g -O2  conftest.c >&5
configure:10851: $? = 0
configure:10866: gcc -shared  -fPIC -DPIC conftest.o  -v -Wl,-soname -Wl,conftest -o conftest 2\>\&1 \| /bin/grep  -lc  \>/dev/null 2\>\&1
configure:10869: $? = 0
configure:10883: result: no
configure:11043: checking dynamic linker characteristics
configure:11624: gcc -o conftest -g -O2   -Wl,-rpath -Wl,/foo conftest.c -lm  >&5
configure:11624: $? = 0
configure:11873: result: GNU/Linux ld.so
configure:11995: checking how to hardcode library paths into programs
configure:12020: result: immediate
configure:12568: checking whether stripping libraries is possible
configure:12573: result: yes
configure:12608: checking if libtool supports shared libraries
configure:12610: result: yes
configure:12613: checking whether to build shared libraries
configure:12638: result: yes
configure:12641: checking whether to build static libraries
configure:12645: result: yes
configure:12668: checking how to run the C++ preprocessor
configure:12695: g++ -E  conftest.cpp
configure:12695: $? = 0
configure:12709: g++ -E  conftest.cpp
conftest.cpp:25:10: fatal error: ac_nonexistent.h: No such file or directory
 #include <ac_nonexistent.h>
          ^~~~~~~~~~~~~~~~~~
compilation terminated.
configure:12709: $? = 1
configure: failed program was:
| /* confdefs.h */
| #define PACKAGE_NAME "SISCone"
| #define PACKAGE_TARNAME "siscone"
| #define PACKAGE_VERSION "3.0.4"
| #define PACKAGE_STRING "SISCone 3.0.4"
| #define PACKAGE_BUGREPORT ""
| #define PACKAGE_URL ""
| #define PACKAGE "siscone"
| #define VERSION "3.0.4"
| #define STDC_HEADERS 1
| #define HAVE_SYS_TYPES_H 1
| #define HAVE_SYS_STAT_H 1
| #define HAVE_STDLIB_H 1
| #define HAVE_STRING_H 1
| #define HAVE_MEMORY_H 1
| #define HAVE_STRINGS_H 1
| #define HAVE_INTTYPES_H 1
| #define HAVE_STDINT_H 1
| #define HAVE_UNISTD_H 1
| #define STDC_HEADERS 1
| #define HAVE_LIBM 1
| #define HAVE_DLFCN_H 1
| #define LT_OBJDIR ".libs/"
| /* end confdefs.h.  */
| #include <ac_nonexistent.h>
configure:12734: result: g++ -E
configure:12754: g++ -E  conftest.cpp
configure:12754: $? = 0
configure:12768: g++ -E  conftest.cpp
conftest.cpp:25:10: fatal error: ac_nonexistent.h: No such file or directory
 #include <ac_nonexistent.h>
          ^~~~~~~~~~~~~~~~~~
compilation terminated.
configure:12768: $? = 1
configure: failed program was:
| /* confdefs.h */
| #define PACKAGE_NAME "SISCone"
| #define PACKAGE_TARNAME "siscone"
| #define PACKAGE_VERSION "3.0.4"
| #define PACKAGE_STRING "SISCone 3.0.4"
| #define PACKAGE_BUGREPORT ""
| #define PACKAGE_URL ""
| #define PACKAGE "siscone"
| #define VERSION "3.0.4"
| #define STDC_HEADERS 1
| #define HAVE_SYS_TYPES_H 1
| #define HAVE_SYS_STAT_H 1
| #define HAVE_STDLIB_H 1
| #define HAVE_STRING_H 1
| #define HAVE_MEMORY_H 1
| #define HAVE_STRINGS_H 1
| #define HAVE_INTTYPES_H 1
| #define HAVE_STDINT_H 1
| #define HAVE_UNISTD_H 1
| #define STDC_HEADERS 1
| #define HAVE_LIBM 1
| #define HAVE_DLFCN_H 1
| #define LT_OBJDIR ".libs/"
| /* end confdefs.h.  */
| #include <ac_nonexistent.h>
configure:12930: checking for ld used by g++
configure:12997: result: /usr/bin/ld -m elf_x86_64
configure:13004: checking if the linker (/usr/bin/ld -m elf_x86_64) is GNU ld
configure:13019: result: yes
configure:13074: checking whether the g++ linker (/usr/bin/ld -m elf_x86_64) supports shared libraries
configure:14147: result: yes
configure:14183: g++ -c -O3 -Wall -ffast-math -g   conftest.cpp >&5
configure:14186: $? = 0
configure:14667: checking for g++ option to produce PIC
configure:14674: result: -fPIC -DPIC
configure:14682: checking if g++ PIC flag -fPIC -DPIC works
configure:14700: g++ -c -O3 -Wall -ffast-math -g   -fPIC -DPIC -DPIC conftest.cpp >&5
configure:14704: $? = 0
configure:14717: result: yes
configure:14740: checking if g++ static flag -static works
configure:14768: result: yes
configure:14780: checking if g++ supports -c -o file.o
configure:14801: g++ -c -O3 -Wall -ffast-math -g   -o out/conftest2.o conftest.cpp >&5
configure:14805: $? = 0
configure:14827: result: yes
configure:14832: checking if g++ supports -c -o file.o
configure:14879: result: yes
configure:14909: checking whether the g++ linker (/usr/bin/ld -m elf_x86_64) supports shared libraries
configure:14952: result: yes
configure:15093: checking dynamic linker characteristics
configure:15850: result: GNU/Linux ld.so
configure:15915: checking how to hardcode library paths into programs
configure:15940: result: immediate
configure:16002: checking if g++ -O3 -Wall -ffast-math -g  considers atd::auto_ptr as deprecated
configure:16023: g++ -c -O3 -Wall -ffast-math -g  -Werror=deprecated-declarations  conftest.cpp >&5
conftest.cpp: In function 'int main()':
conftest.cpp:29:26: error: 'template<class> class std::auto_ptr' is deprecated [-Werror=deprecated-declarations]
 int *a= new int(1); std::auto_ptr<int> b; b.reset(a);
                          ^~~~~~~~
In file included from /usr/include/c++/7/memory:80:0,
                 from conftest.cpp:25:
/usr/include/c++/7/bits/unique_ptr.h:51:28: note: declared here
   template<typename> class auto_ptr;
                            ^~~~~~~~
cc1plus: some warnings being treated as errors
configure:16023: $? = 1
configure: failed program was:
| /* confdefs.h */
| #define PACKAGE_NAME "SISCone"
| #define PACKAGE_TARNAME "siscone"
| #define PACKAGE_VERSION "3.0.4"
| #define PACKAGE_STRING "SISCone 3.0.4"
| #define PACKAGE_BUGREPORT ""
| #define PACKAGE_URL ""
| #define PACKAGE "siscone"
| #define VERSION "3.0.4"
| #define STDC_HEADERS 1
| #define HAVE_SYS_TYPES_H 1
| #define HAVE_SYS_STAT_H 1
| #define HAVE_STDLIB_H 1
| #define HAVE_STRING_H 1
| #define HAVE_MEMORY_H 1
| #define HAVE_STRINGS_H 1
| #define HAVE_INTTYPES_H 1
| #define HAVE_STDINT_H 1
| #define HAVE_UNISTD_H 1
| #define STDC_HEADERS 1
| #define HAVE_LIBM 1
| #define HAVE_DLFCN_H 1
| #define LT_OBJDIR ".libs/"
| /* end confdefs.h.  */
| #include <memory>
| int
| main ()
| {
| int *a= new int(1); std::auto_ptr<int> b; b.reset(a);
|   ;
|   return 0;
| }
configure:16029: result: yes
configure:16032: checking if g++ -O3 -Wall -ffast-math -g  -Werror=deprecated-declarations supports atd::unique_ptr
configure:16045: g++ -c -O3 -Wall -ffast-math -g  -Werror=deprecated-declarations  conftest.cpp >&5
configure:16045: $? = 0
configure:16056: result: yes
configure:16180: checking that generated files are newer than configure
configure:16186: result: done
configure:16213: creating ./config.status

## ---------------------- ##
## Running config.status. ##
## ---------------------- ##

This file was extended by SISCone config.status 3.0.4, which was
generated by GNU Autoconf 2.69.  Invocation command line was

  CONFIG_FILES    = 
  CONFIG_HEADERS  = 
  CONFIG_LINKS    = 
  CONFIG_COMMANDS = 
  $ ./config.status 

on tamasi-lap

config.status:1156: creating Makefile
config.status:1156: creating siscone/Makefile
config.status:1156: creating siscone/spherical/Makefile
config.status:1156: creating examples/Makefile
config.status:1156: creating examples/events/Makefile
config.status:1156: creating siscone/config_raw.h
config.status:1385: executing siscone/config.h commands
config.status:1423: creating siscone/config.h - prefix SISCONE for siscone/config_raw.h defines
config.status:1385: executing depfiles commands
config.status:1552: cd siscone       && sed -e '/# am--include-marker/d' Makefile         | make -f - am--depfiles
config.status:1557: $? = 0
config.status:1552: cd siscone/spherical       && sed -e '/# am--include-marker/d' Makefile         | make -f - am--depfiles
config.status:1557: $? = 0
config.status:1552: cd examples       && sed -e '/# am--include-marker/d' Makefile         | make -f - am--depfiles
config.status:1557: $? = 0
config.status:1385: executing libtool commands

## ---------------- ##
## Cache variables. ##
## ---------------- ##

ac_cv_build=x86_64-pc-linux-gnu
ac_cv_c_compiler_gnu=yes
ac_cv_cxx_compiler_gnu=yes
ac_cv_env_CCC_set=
ac_cv_env_CCC_value=
ac_cv_env_CC_set=
ac_cv_env_CC_value=
ac_cv_env_CFLAGS_set=
ac_cv_env_CFLAGS_value=
ac_cv_env_CPPFLAGS_set=
ac_cv_env_CPPFLAGS_value=
ac_cv_env_CPP_set=
ac_cv_env_CPP_value=
ac_cv_env_CXXCPP_set=
ac_cv_env_CXXCPP_value=
ac_cv_env_CXXFLAGS_set=
ac_cv_env_CXXFLAGS_value=
ac_cv_env_CXX_set=
ac_cv_env_CXX_value=
ac_cv_env_LDFLAGS_set=
ac_cv_env_LDFLAGS_value=
ac_cv_env_LIBS_set=
ac_cv_env_LIBS_value=
ac_cv_env_LT_SYS_LIBRARY_PATH_set=
ac_cv_env_LT_SYS_LIBRARY_PATH_value=
ac_cv_env_build_alias_set=
ac_cv_env_build_alias_value=
ac_cv_env_host_alias_set=
ac_cv_env_host_alias_value=
ac_cv_env_target_alias_set=
ac_cv_env_target_alias_value=
ac_cv_header_dlfcn_h=yes
ac_cv_header_inttypes_h=yes
ac_cv_header_memory_h=yes
ac_cv_header_stdc=yes
ac_cv_header_stdint_h=yes
ac_cv_header_stdlib_h=yes
ac_cv_header_string_h=yes
ac_cv_header_strings_h=yes
ac_cv_header_sys_stat_h=yes
ac_cv_header_sys_types_h=yes
ac_cv_header_unistd_h=yes
ac_cv_host=x86_64-pc-linux-gnu
ac_cv_lib_m_cos=yes
ac_cv_objext=o
ac_cv_path_EGREP='/bin/grep -E'
ac_cv_path_FGREP='/bin/grep -F'
ac_cv_path_GREP=/bin/grep
ac_cv_path_SED=/bin/sed
ac_cv_path_install='/usr/bin/install -c'
ac_cv_path_lt_DD=/bin/dd
ac_cv_path_mkdir=/bin/mkdir
ac_cv_prog_AWK=gawk
ac_cv_prog_CPP='gcc -E'
ac_cv_prog_CXXCPP='g++ -E'
ac_cv_prog_ac_ct_AR=ar
ac_cv_prog_ac_ct_CC=gcc
ac_cv_prog_ac_ct_CXX=g++
ac_cv_prog_ac_ct_MANIFEST_TOOL=mt
ac_cv_prog_ac_ct_OBJDUMP=objdump
ac_cv_prog_ac_ct_RANLIB=ranlib
ac_cv_prog_ac_ct_STRIP=strip
ac_cv_prog_cc_c89=
ac_cv_prog_cc_g=yes
ac_cv_prog_cxx_g=yes
ac_cv_prog_make_make_set=yes
ac_cv_type_int=yes
ac_cv_type_long=yes
am_cv_CC_dependencies_compiler_type=gcc3
am_cv_CXX_dependencies_compiler_type=gcc3
am_cv_make_support_nested_variables=yes
am_cv_prog_cc_c_o=yes
lt_cv_ar_at_file=@
lt_cv_archive_cmds_need_lc=no
lt_cv_deplibs_check_method=pass_all
lt_cv_file_magic_cmd='$MAGIC_CMD'
lt_cv_file_magic_test_file=
lt_cv_ld_reload_flag=-r
lt_cv_nm_interface='BSD nm'
lt_cv_objdir=.libs
lt_cv_path_LD=/usr/bin/ld
lt_cv_path_LDCXX='/usr/bin/ld -m elf_x86_64'
lt_cv_path_NM='/usr/bin/nm -B'
lt_cv_path_mainfest_tool=no
lt_cv_prog_compiler_c_o=yes
lt_cv_prog_compiler_c_o_CXX=yes
lt_cv_prog_compiler_pic='-fPIC -DPIC'
lt_cv_prog_compiler_pic_CXX='-fPIC -DPIC'
lt_cv_prog_compiler_pic_works=yes
lt_cv_prog_compiler_pic_works_CXX=yes
lt_cv_prog_compiler_rtti_exceptions=no
lt_cv_prog_compiler_static_works=yes
lt_cv_prog_compiler_static_works_CXX=yes
lt_cv_prog_gnu_ld=yes
lt_cv_prog_gnu_ldcxx=yes
lt_cv_sharedlib_from_linklib_cmd='printf %s\n'
lt_cv_shlibpath_overrides_runpath=yes
lt_cv_sys_global_symbol_pipe='sed -n -e '\''s/^.*[	 ]\([ABCDGIRSTW][ABCDGIRSTW]*\)[	 ][	 ]*\([_A-Za-z][_A-Za-z0-9]*\)$/\1 \2 \2/p'\'' | sed '\''/ __gnu_lto/d'\'''
lt_cv_sys_global_symbol_to_c_name_address='sed -n -e '\''s/^: \(.*\) .*$/  {"\1", (void *) 0},/p'\'' -e '\''s/^[ABCDGIRSTW][ABCDGIRSTW]* .* \(.*\)$/  {"\1", (void *) \&\1},/p'\'''
lt_cv_sys_global_symbol_to_c_name_address_lib_prefix='sed -n -e '\''s/^: \(.*\) .*$/  {"\1", (void *) 0},/p'\'' -e '\''s/^[ABCDGIRSTW][ABCDGIRSTW]* .* \(lib.*\)$/  {"\1", (void *) \&\1},/p'\'' -e '\''s/^[ABCDGIRSTW][ABCDGIRSTW]* .* \(.*\)$/  {"lib\1", (void *) \&\1},/p'\'''
lt_cv_sys_global_symbol_to_cdecl='sed -n -e '\''s/^T .* \(.*\)$/extern int \1();/p'\'' -e '\''s/^[ABCDGIRSTW][ABCDGIRSTW]* .* \(.*\)$/extern char \1;/p'\'''
lt_cv_sys_global_symbol_to_import=
lt_cv_sys_max_cmd_len=1572864
lt_cv_to_host_file_cmd=func_convert_file_noop
lt_cv_to_tool_file_cmd=func_convert_file_noop
lt_cv_truncate_bin='/bin/dd bs=4096 count=1'

## ----------------- ##
## Output variables. ##
## ----------------- ##

ACLOCAL='${SHELL} /home/tamasi/fastJet/fastjet-3.3.2/plugins/SISCone/siscone/missing aclocal-1.16'
AMDEPBACKSLASH='\'
AMDEP_FALSE='#'
AMDEP_TRUE=''
AMTAR='$${TAR-tar}'
AM_BACKSLASH='\'
AM_DEFAULT_V='$(AM_DEFAULT_VERBOSITY)'
AM_DEFAULT_VERBOSITY='1'
AM_V='$(V)'
AR='ar'
AUTOCONF='${SHELL} /home/tamasi/fastJet/fastjet-3.3.2/plugins/SISCone/siscone/missing autoconf'
AUTOHEADER='${SHELL} /home/tamasi/fastJet/fastjet-3.3.2/plugins/SISCone/siscone/missing autoheader'
AUTOMAKE='${SHELL} /home/tamasi/fastJet/fastjet-3.3.2/plugins/SISCone/siscone/missing automake-1.16'
AWK='gawk'
CC='gcc'
CCDEPMODE='depmode=gcc3'
CFLAGS='-g -O2'
CPP='gcc -E'
CPPFLAGS=''
CXX='g++'
CXXCPP='g++ -E'
CXXDEPMODE='depmode=gcc3'
CXXFLAGS='-O3 -Wall -ffast-math -g '
CYGPATH_W='echo'
DEFS='-DHAVE_CONFIG_H'
DEPDIR='.deps'
DLLTOOL='false'
DSYMUTIL=''
DUMPBIN=''
ECHO_C=''
ECHO_N='-n'
ECHO_T=''
EGREP='/bin/grep -E'
EXEEXT=''
FGREP='/bin/grep -F'
GREP='/bin/grep'
INSTALL_DATA='${INSTALL} -m 644'
INSTALL_PROGRAM='${INSTALL}'
INSTALL_SCRIPT='${INSTALL}'
INSTALL_STRIP_PROGRAM='$(install_sh) -c -s'
LD='/usr/bin/ld -m elf_x86_64'
LDFLAGS=''
LIBOBJS=''
LIBS='-lm '
LIBTOOL='$(SHELL) $(top_builddir)/libtool'
LIPO=''
LN_S='ln -s'
LTLIBOBJS=''
LT_SYS_LIBRARY_PATH=''
MAKEINFO='${SHELL} /home/tamasi/fastJet/fastjet-3.3.2/plugins/SISCone/siscone/missing makeinfo'
MANIFEST_TOOL=':'
MKDIR_P='/bin/mkdir -p'
NM='/usr/bin/nm -B'
NMEDIT=''
OBJDUMP='objdump'
OBJEXT='o'
OTOOL64=''
OTOOL=''
PACKAGE='siscone'
PACKAGE_BUGREPORT=''
PACKAGE_NAME='SISCone'
PACKAGE_STRING='SISCone 3.0.4'
PACKAGE_TARNAME='siscone'
PACKAGE_URL=''
PACKAGE_VERSION='3.0.4'
PATH_SEPARATOR=':'
RANLIB='ranlib'
SED='/bin/sed'
SET_MAKE=''
SHELL='/bin/bash'
STRIP='strip'
VERSION='3.0.4'
ac_ct_AR='ar'
ac_ct_CC='gcc'
ac_ct_CXX='g++'
ac_ct_DUMPBIN=''
am__EXEEXT_FALSE=''
am__EXEEXT_TRUE='#'
am__fastdepCC_FALSE='#'
am__fastdepCC_TRUE=''
am__fastdepCXX_FALSE='#'
am__fastdepCXX_TRUE=''
am__include='include'
am__isrc=''
am__leading_dot='.'
am__nodep='_no'
am__quote=''
am__tar='$${TAR-tar} chof - "$$tardir"'
am__untar='$${TAR-tar} xf -'
bindir='${exec_prefix}/bin'
build='x86_64-pc-linux-gnu'
build_alias=''
build_cpu='x86_64'
build_os='linux-gnu'
build_vendor='pc'
datadir='${datarootdir}'
datarootdir='${prefix}/share'
docdir='${datarootdir}/doc/${PACKAGE_TARNAME}'
dvidir='${docdir}'
exec_prefix='${prefix}'
host='x86_64-pc-linux-gnu'
host_alias=''
host_cpu='x86_64'
host_os='linux-gnu'
host_vendor='pc'
htmldir='${docdir}'
includedir='${prefix}/include'
infodir='${datarootdir}/info'
install_sh='${SHELL} /home/tamasi/fastJet/fastjet-3.3.2/plugins/SISCone/siscone/install-sh'
libdir='${exec_prefix}/lib'
libexecdir='${exec_prefix}/libexec'
localedir='${datarootdir}/locale'
localstatedir='${prefix}/var'
mandir='${datarootdir}/man'
mkdir_p='$(MKDIR_P)'
oldincludedir='/usr/include'
pdfdir='${docdir}'
prefix='/home/tamasi/fastJet/fastjet-3.3.2/../fastjet-install'
program_transform_name='s,x,x,'
psdir='${docdir}'
runstatedir='${localstatedir}/run'
sbindir='${exec_prefix}/sbin'
sharedstatedir='${prefix}/com'
sysconfdir='${prefix}/etc'
target_alias=''

## ----------- ##
## confdefs.h. ##
## ----------- ##

/* confdefs.h */
#define PACKAGE_NAME "SISCone"
#define PACKAGE_TARNAME "siscone"
#define PACKAGE_VERSION "3.0.4"
#define PACKAGE_STRING "SISCone 3.0.4"
#define PACKAGE_BUGREPORT ""
#define PACKAGE_URL ""
#define PACKAGE "siscone"
#define VERSION "3.0.4"
#define STDC_HEADERS 1
#define HAVE_SYS_TYPES_H 1
#define HAVE_SYS_STAT_H 1
#define HAVE_STDLIB_H 1
#define HAVE_STRING_H 1
#define HAVE_MEMORY_H 1
#define HAVE_STRINGS_H 1
#define HAVE_INTTYPES_H 1
#define HAVE_STDINT_H 1
#define HAVE_UNISTD_H 1
#define STDC_HEADERS 1
#define HAVE_LIBM 1
#define HAVE_DLFCN_H 1
#define LT_OBJDIR ".libs/"
#define USES_UNIQUE_PTR_AS_AUTO_PTR /**/

configure: exit 0
